<?xml version="1.0" encoding="UTF-8"?>
<!-- Generated by org.testng.reporters.JUnitReportReporter -->
<testsuite hostname="LAPTOP-G9NB2VM9" failures="0" tests="5" name="api.test.UserTest" time="18.116" errors="0" timestamp="2025-07-02T18:33:47 IST" skipped="0">
  <testcase classname="api.test.UserTest" name="TestPostUser" time="8.769"/>
  <testcase classname="api.test.UserTest" name="GetUser" time="6.063"/>
  <testcase classname="api.test.UserTest" name="UpdateUser" time="2.128"/>
  <testcase classname="api.test.UserTest" name="DeleteUser" time="1.078"/>
  <testcase classname="api.test.UserTest" name="testUserDetailsWithUtil" time="0.078"/>
</testsuite> <!-- api.test.UserTest -->
