<?xml version="1.0" encoding="UTF-8"?>
<!-- Generated by org.testng.reporters.JUnitReportReporter -->
<testsuite hostname="LAPTOP-G9NB2VM9" failures="0" tests="5" name="api.test.UserTest" time="13.674" errors="0" timestamp="2025-07-01T17:28:46 IST" skipped="0">
  <testcase classname="api.test.UserTest" name="TestPostUser" time="3.207"/>
  <testcase classname="api.test.UserTest" name="GetUser" time="6.035"/>
  <testcase classname="api.test.UserTest" name="UpdateUser" time="3.256"/>
  <testcase classname="api.test.UserTest" name="DeleteUser" time="1.087"/>
  <testcase classname="api.test.UserTest" name="testUserDetailsWithUtil" time="0.089"/>
</testsuite> <!-- api.test.UserTest -->
